Determining if the pthread_create exist failed with the following output:
Change Dir: /home/97117523/Documents/Adv_Robo/Adv-Robo-2019-SPR/catkin_ws/build/CMakeFiles/CMakeTmp

Run Build Command:"/usr/bin/make" "cmTC_9c85d/fast"
make: Warning: File 'Makefile' has modification time 122 s in the future
/usr/bin/make -f CMakeFiles/cmTC_9c85d.dir/build.make CMakeFiles/cmTC_9c85d.dir/build
make[1]: Entering directory '/home/97117523/Documents/Adv_Robo/Adv-Robo-2019-SPR/catkin_ws/build/CMakeFiles/CMakeTmp'
make[1]: Warning: File 'CMakeFiles/cmTC_9c85d.dir/flags.make' has modification time 122 s in the future
Building C object CMakeFiles/cmTC_9c85d.dir/CheckSymbolExists.c.o
/usr/bin/cc    -o CMakeFiles/cmTC_9c85d.dir/CheckSymbolExists.c.o   -c /home/97117523/Documents/Adv_Robo/Adv-Robo-2019-SPR/catkin_ws/build/CMakeFiles/CMakeTmp/CheckSymbolExists.c
Linking C executable cmTC_9c85d
/usr/bin/cmake -E cmake_link_script CMakeFiles/cmTC_9c85d.dir/link.txt --verbose=1
/usr/bin/cc      -rdynamic CMakeFiles/cmTC_9c85d.dir/CheckSymbolExists.c.o  -o cmTC_9c85d 
CMakeFiles/cmTC_9c85d.dir/CheckSymbolExists.c.o: In function `main':
CheckSymbolExists.c:(.text+0x1b): undefined reference to `pthread_create'
collect2: error: ld returned 1 exit status
CMakeFiles/cmTC_9c85d.dir/build.make:97: recipe for target 'cmTC_9c85d' failed
make[1]: *** [cmTC_9c85d] Error 1
make[1]: Leaving directory '/home/97117523/Documents/Adv_Robo/Adv-Robo-2019-SPR/catkin_ws/build/CMakeFiles/CMakeTmp'
Makefile:126: recipe for target 'cmTC_9c85d/fast' failed
make: *** [cmTC_9c85d/fast] Error 2

File /home/97117523/Documents/Adv_Robo/Adv-Robo-2019-SPR/catkin_ws/build/CMakeFiles/CMakeTmp/CheckSymbolExists.c:
/* */
#include <pthread.h>

int main(int argc, char** argv)
{
  (void)argv;
#ifndef pthread_create
  return ((int*)(&pthread_create))[argc];
#else
  (void)argc;
  return 0;
#endif
}

Determining if the function pthread_create exists in the pthreads failed with the following output:
Change Dir: /home/97117523/Documents/Adv_Robo/Adv-Robo-2019-SPR/catkin_ws/build/CMakeFiles/CMakeTmp

Run Build Command:"/usr/bin/make" "cmTC_13bd8/fast"
make: Warning: File 'Makefile' has modification time 122 s in the future
/usr/bin/make -f CMakeFiles/cmTC_13bd8.dir/build.make CMakeFiles/cmTC_13bd8.dir/build
make[1]: Entering directory '/home/97117523/Documents/Adv_Robo/Adv-Robo-2019-SPR/catkin_ws/build/CMakeFiles/CMakeTmp'
make[1]: Warning: File 'CMakeFiles/cmTC_13bd8.dir/flags.make' has modification time 122 s in the future
Building C object CMakeFiles/cmTC_13bd8.dir/CheckFunctionExists.c.o
/usr/bin/cc   -DCHECK_FUNCTION_EXISTS=pthread_create   -o CMakeFiles/cmTC_13bd8.dir/CheckFunctionExists.c.o   -c /usr/share/cmake-3.10/Modules/CheckFunctionExists.c
Linking C executable cmTC_13bd8
/usr/bin/cmake -E cmake_link_script CMakeFiles/cmTC_13bd8.dir/link.txt --verbose=1
/usr/bin/cc  -DCHECK_FUNCTION_EXISTS=pthread_create    -rdynamic CMakeFiles/cmTC_13bd8.dir/CheckFunctionExists.c.o  -o cmTC_13bd8 -lpthreads 
/usr/bin/ld: cannot find -lpthreads
collect2: error: ld returned 1 exit status
CMakeFiles/cmTC_13bd8.dir/build.make:97: recipe for target 'cmTC_13bd8' failed
make[1]: *** [cmTC_13bd8] Error 1
make[1]: Leaving directory '/home/97117523/Documents/Adv_Robo/Adv-Robo-2019-SPR/catkin_ws/build/CMakeFiles/CMakeTmp'
Makefile:126: recipe for target 'cmTC_13bd8/fast' failed
make: *** [cmTC_13bd8/fast] Error 2


